2025-09-14 15:29:00 | INFO | repo=FFmpeg | action=commit
2025-07-26 15:07:00 | DEBUG | repo=FFmpeg | action=pull
2025-06-06 15:30:00 | WARN | repo=FFmpeg | action=commit
2025-02-06 19:18:00 | DEBUG | repo=FFmpeg | action=commit
2025-08-16 15:33:00 | INFO | repo=FFmpeg | action=commit
2025-12-01 07:17:00 | WARN | repo=FFmpeg | action=commit
2025-01-10 16:35:00 | WARN | repo=FFmpeg | action=test | passed=true
2025-04-25 14:04:00 | WARN | repo=FFmpeg | action=commit
2025-02-17 10:21:00 | DEBUG | repo=FFmpeg | action=edit | files=3
2025-08-15 07:13:00 | DEBUG | repo=FFmpeg | action=commit
2025-05-14 10:59:00 | INFO | repo=FFmpeg | action=commit
2025-06-10 21:14:00 | DEBUG | repo=FFmpeg | action=commit
2025-02-01 17:59:00 | WARN | repo=FFmpeg | action=commit
2025-02-10 11:15:00 | DEBUG | repo=FFmpeg | action=commit
2025-10-01 08:46:00 | DEBUG | repo=FFmpeg | action=test | passed=true
2025-12-04 07:36:00 | WARN | repo=FFmpeg | action=test | passed=true
2025-07-25 18:59:00 | WARN | repo=FFmpeg | action=edit | files=2
2025-07-12 16:03:00 | WARN | repo=FFmpeg | action=test | passed=true
2025-10-20 10:32:00 | INFO | repo=FFmpeg | action=commit
2025-04-28 21:08:00 | WARN | repo=FFmpeg | action=commit
2025-07-27 14:35:00 | DEBUG | repo=FFmpeg | action=test | passed=true
2025-03-19 12:51:00 | INFO | repo=FFmpeg | action=commit
2025-04-26 17:28:00 | WARN | repo=FFmpeg | action=pull
2025-01-06 19:00:00 | DEBUG | repo=FFmpeg | action=pull
2025-01-23 15:29:00 | DEBUG | repo=FFmpeg | action=commit
2025-03-12T15:49:00 | nonce=5106209809094533956
2025-03-23T17:08:00 | nonce=15983195594675077107
2025-02-21T17:00:00 | nonce=13421812007762249764
2025-01-19T10:33:00 | nonce=12965003039208824988
2025-06-10T18:21:00 | nonce=1314378381245968316
2025-08-05T10:05:00 | nonce=15219269147552180403
2025-11-21T12:15:00 | nonce=3636458791284785458
2025-12-27T09:44:00 | nonce=15391849595898090414
2025-07-24T12:07:00 | nonce=13711900065070210087
2025-05-12T14:34:00 | nonce=15877469381206265639
2025-12-08T18:56:00 | nonce=6513794639027941872
2025-10-09T10:53:00 | nonce=2963113093727120814
2025-01-25T17:15:00 | nonce=6894434427535420415
2025-08-23T18:52:00 | nonce=7352191381674574836
2025-01-24T20:45:00 | nonce=11339366117564304045
2025-07-21T19:20:00 | nonce=4502437459070414548
2025-01-21T10:35:00 | nonce=2437618312468531387
2025-04-01T10:53:00 | nonce=11284786418229478882
2025-09-03T12:46:00 | nonce=14342675376720204518
2025-09-19T19:34:00 | nonce=14286012441974692366
2025-01-23T11:00:00 | nonce=15157266132496107240
2025-02-01T19:37:00 | nonce=7254478354124556999
2025-07-01T16:54:00 | nonce=6186973284139973135
2025-07-31T10:07:00 | nonce=16462982017681269145
2025-08-07T17:02:00 | nonce=18106247639433868507
2025-05-25T19:18:00 | nonce=1530284611895801651
2025-07-21T13:31:00 | nonce=15223612373302907966
2025-08-26T12:47:00 | nonce=17859325078075191199
2025-09-04T17:32:00 | nonce=16008528729759149060
2025-06-18T19:15:00 | nonce=8216566309616284894
2025-11-22T15:41:00 | nonce=14479197216395598041
2025-02-17T13:37:00 | nonce=2976642841166782458
2025-10-13T16:58:00 | nonce=16515311792036628518
2025-06-12T18:27:00 | nonce=13893839492513960766
2025-05-01T15:16:00 | nonce=16353086595526456287
2025-05-02T12:01:00 | nonce=9979661849106500305
2025-07-04T17:31:00 | nonce=9589175596232212635
2025-11-20T09:41:00 | nonce=17279193647054043217
2025-12-23T15:53:00 | nonce=7279795896990089688
2025-05-13T13:49:00 | nonce=3070397169084488293
2025-07-27T10:02:00 | nonce=17594149924747315372
2025-10-02T16:21:00 | nonce=12395836636344575644
2025-12-12T17:01:00 | nonce=16517615454283377544
2025-12-29T20:42:00 | nonce=16270792166495411227
2025-01-06T20:25:00 | nonce=7685973402448302213
2025-11-23T16:55:00 | nonce=455002763528896154
2025-06-16T15:01:00 | nonce=11922688649046256031
2025-06-17T20:37:00 | nonce=1610584549086612117
2025-08-19T18:47:00 | nonce=12470075308188968214
2025-01-22T11:15:00 | nonce=15410412636180019533
2025-09-20T13:15:00 | nonce=5084373267025756344
2025-11-03T12:59:00 | nonce=5429694973863084544
2025-12-12T17:42:00 | nonce=14889352925367161233
2025-03-21T13:30:00 | nonce=7713274946367317023
2025-05-01T09:26:00 | nonce=6597502064413119187
2025-04-20T19:45:00 | nonce=16524910810372353815
2025-01-03T14:39:00 | nonce=15660595803439595951
2025-06-03T11:35:00 | nonce=9606111180678549375
2025-08-17T18:36:00 | nonce=6047314234513024729
2025-08-21T13:15:00 | nonce=2846469221459320374
2025-09-12T13:57:00 | nonce=12166339503566395541
2025-12-11T12:00:00 | nonce=15424811352512957605
2025-12-12T12:01:00 | nonce=5166462483810867575
2025-05-17T13:59:00 | nonce=17812976643812479851
2025-10-27T17:38:00 | nonce=4350077525400011026
2025-07-25T17:50:00 | nonce=13191406477961335336
2025-11-03T15:07:00 | nonce=16099116433322929491
2025-10-19T13:44:00 | nonce=10960333474049424713
2025-09-03T20:58:00 | nonce=12530453341972699851
2025-01-06T14:31:00 | nonce=5221545873576820823
2025-07-04T17:43:00 | nonce=17875055177411226322
2025-08-12T11:39:00 | nonce=7280699271483831039
2025-09-26T14:28:00 | nonce=7728862470212838952
2025-09-04T18:37:00 | nonce=6235624073234910251
2025-09-04T13:26:00 | nonce=4048730642018732397
2025-07-21T18:25:00 | nonce=18015385002811860769
2025-10-20T16:09:00 | nonce=3531185241944476754
2025-07-09T10:36:00 | nonce=5957041743680076855
2025-04-20T14:14:00 | nonce=3699885203890790388
2025-12-07T09:59:00 | nonce=17419979141474733143
2025-06-02T18:44:00 | nonce=10221991822841789080
2025-07-22T19:28:00 | nonce=1019641793663890585
2025-07-30T20:38:00 | nonce=2515074793178199560
